<?xml version="1.0" encoding="UTF-8"?>
<testng-results ignored="0" total="0" passed="0" failed="0" skipped="0">
  <reporter-output>
  </reporter-output>
  <suite started-at="2023-01-27T08:13:12Z" name="panel.autoSelenium.AppTest" finished-at="2023-01-27T08:13:12Z" duration-ms="17">
    <groups>
    </groups>
    <test started-at="2023-01-27T08:13:12Z" name="Command line test" finished-at="2023-01-27T08:13:12Z" duration-ms="17">
    </test> <!-- Command line test -->
  </suite> <!-- panel.autoSelenium.AppTest -->
</testng-results>
